[2025-04-02 11:39:36,744] 34 root - INFO - start data ingestion
[2025-04-02 11:39:38,995] 64 root - INFO - Performed train test split on the dataframe
[2025-04-02 11:39:38,995] 66 root - INFO - Exited split_data_as_train_test method of Data_Ingestion class
[2025-04-02 11:39:38,996] 74 root - INFO - Exporting train and test file path.
[2025-04-02 11:39:39,144] 83 root - INFO - Exported train and test file path.
[2025-04-02 11:39:39,145] 37 root - INFO - data ingestion completed and artifact:DataIngestionArtifact(trained_file_path='Artifacts\\04_02_2025_11_36_52\\data_ingestion\\ingested\\train.csv', test_file_path='Artifacts\\04_02_2025_11_36_52\\data_ingestion\\ingested\\test.csv')
[2025-04-02 11:39:39,156] 46 root - INFO - inititate the data validation
[2025-04-02 11:39:39,292] 33 root - INFO - Required number of columns:2
[2025-04-02 11:39:39,292] 34 root - INFO - Dataframe has columns:31
[2025-04-02 11:39:39,293] 33 root - INFO - Required number of columns:2
[2025-04-02 11:39:39,293] 34 root - INFO - Dataframe has columns:31
[2025-04-02 11:39:39,506] 63 root - INFO - Entered initiate_data_transformation method of DataTransformation class
[2025-04-02 11:39:39,506] 65 root - INFO - Starting data transformation
[2025-04-02 11:39:39,539] 48 root - INFO - Entered get_data_trnasformer_object method of Trnasformation class
[2025-04-02 11:39:39,539] 53 root - INFO - Initialise KNNImputer with {'missing_values': nan, 'n_neighbors': 3, 'weights': 'uniform'}
[2025-04-02 11:39:39,560] 48 root - INFO - Entered the save_object method of MainUtils class
[2025-04-02 11:39:39,565] 52 root - INFO - Exited the save_object method of MainUtils class
[2025-04-02 11:39:39,566] 48 root - INFO - Entered the save_object method of MainUtils class
[2025-04-02 11:39:39,569] 52 root - INFO - Exited the save_object method of MainUtils class
[2025-04-02 11:42:29,104] 48 root - INFO - Entered the save_object method of MainUtils class
[2025-04-02 11:42:29,105] 52 root - INFO - Exited the save_object method of MainUtils class
[2025-04-02 11:42:29,105] 48 root - INFO - Entered the save_object method of MainUtils class
[2025-04-02 11:42:29,112] 52 root - INFO - Exited the save_object method of MainUtils class
[2025-04-02 11:42:29,112] 124 root - INFO - Model trainer artifact: ModelTrainerArtifact(trained_model_file_path='Artifacts\\04_02_2025_11_36_52\\model_trainer\\trained_model\\model.pkl', train_metric_artifact=ClassificationMetricArtifact(f1_score=0.9909598781107161, precision_score=0.9900548000811853, recall_score=0.9918666124440829), test_metric_artifact=ClassificationMetricArtifact(f1_score=0.9802658074909384, precision_score=0.9782958199356914, recall_score=0.9822437449556094))
